<?xml version="1.0" encoding="UTF-8"?>
<!-- Generated by org.testng.reporters.JUnitXMLReporter -->
<testsuite ignored="0" hostname="DESKTOP-9E1GL0F" failures="0" tests="2" name="Negative tests" time="189.656" errors="0" timestamp="2026-02-23T21:42:11 IST">
  <testcase classname="arijitsinha.tests.ErrorValidationsTests" name="ProductErrorValidations" time="19.92"/>
  <testcase classname="arijitsinha.tests.ErrorValidationsTests" name="loginErrorValidation" time="3.803"/>
</testsuite> <!-- Negative tests -->
