<?xml version="1.0" encoding="UTF-8"?>
<!-- Generated by org.testng.reporters.JUnitXMLReporter -->
<testsuite ignored="0" hostname="DESKTOP-9E1GL0F" failures="0" tests="4" name="Postive tests" time="244.613" errors="0" timestamp="2026-02-23T21:43:04 IST">
  <testcase classname="arijitsinha.tests.SubmitOrderTest" name="Filters" time="17.94"/>
  <testcase classname="arijitsinha.tests.SubmitOrderTest" name="Filters" time="12.369"/>
  <testcase classname="arijitsinha.tests.SubmitOrderTest" name="SubmitOrder" time="21.332"/>
  <testcase classname="arijitsinha.tests.SubmitOrderTest" name="SubmitOrder" time="18.986"/>
</testsuite> <!-- Postive tests -->
