<?xml version="1.0" encoding="UTF-8"?>
<!-- Generated by org.testng.reporters.JUnitXMLReporter -->
<testsuite ignored="0" hostname="DESKTOP-9E1GL0F" failures="0" tests="2" name="Negative tests" time="104.653" errors="0" timestamp="2026-02-23T23:29:09 IST">
  <testcase classname="arijitsinha.tests.ErrorValidationsTests" name="ProductErrorValidations" time="24.553"/>
  <testcase classname="arijitsinha.tests.ErrorValidationsTests" name="loginErrorValidation" time="2.438"/>
</testsuite> <!-- Negative tests -->
