<?xml version="1.0" encoding="UTF-8"?>
<!-- Generated by org.testng.reporters.JUnitXMLReporter -->
<testsuite ignored="0" hostname="DESKTOP-9E1GL0F" failures="0" tests="4" name="Postive tests" time="162.224" errors="0" timestamp="2026-02-23T23:30:05 IST">
  <testcase classname="arijitsinha.tests.SubmitOrderTest" name="Filters" time="16.208"/>
  <testcase classname="arijitsinha.tests.SubmitOrderTest" name="Filters" time="4.971"/>
  <testcase classname="arijitsinha.tests.SubmitOrderTest" name="SubmitOrder" time="19.983"/>
  <testcase classname="arijitsinha.tests.SubmitOrderTest" name="SubmitOrder" time="18.079"/>
</testsuite> <!-- Postive tests -->
