<?xml version="1.0" encoding="UTF-8"?>
<testng-results ignored="0" total="2" passed="2" failed="0" skipped="0">
  <reporter-output>
  </reporter-output>
  <suite started-at="2026-02-26T00:11:07 IST" name="Surefire suite" finished-at="2026-02-26T00:13:54 IST" duration-ms="166921">
    <groups>
      <group name="cucumber">
        <method signature="AbstractTestNGCucumberTests.runScenario(io.cucumber.testng.PickleWrapper,io.cucumber.testng.FeatureWrapper)[pri:0, instance:cucumber.TestNGTestRunner@147ed70f]" name="runScenario" class="io.cucumber.testng.AbstractTestNGCucumberTests"/>
      </group> <!-- cucumber -->
    </groups>
    <test started-at="2026-02-26T00:11:07 IST" name="Surefire test" finished-at="2026-02-26T00:13:54 IST" duration-ms="166921">
      <class name="cucumber.TestNGTestRunner">
        <test-method is-config="true" signature="setUpClass(org.testng.ITestContext)[pri:0, instance:cucumber.TestNGTestRunner@147ed70f]" started-at="2026-02-26T00:11:07 IST" name="setUpClass" finished-at="2026-02-26T00:11:09 IST" duration-ms="1844" status="PASS">
          <params>
            <param index="0">
              <value>
                <![CDATA[org.testng.TestRunner@28da7d11]]>
              </value>
            </param>
          </params>
          <reporter-output>
          </reporter-output>
        </test-method> <!-- setUpClass -->
        <test-method signature="runScenario(io.cucumber.testng.PickleWrapper,io.cucumber.testng.FeatureWrapper)[pri:0, instance:cucumber.TestNGTestRunner@147ed70f]" started-at="2026-02-26T00:11:09 IST" name="runScenario" description="Runs Cucumber Scenarios" data-provider="scenarios" finished-at="2026-02-26T00:12:50 IST" duration-ms="101665" status="PASS">
          <params>
            <param index="0">
              <value>
                <![CDATA["Placing order of products from the site"]]>
              </value>
            </param>
            <param index="1">
              <value>
                <![CDATA["Submit Order test in "AutomateQA" E Commerce page"]]>
              </value>
            </param>
          </params>
          <reporter-output>
          </reporter-output>
        </test-method> <!-- runScenario -->
        <test-method signature="runScenario(io.cucumber.testng.PickleWrapper,io.cucumber.testng.FeatureWrapper)[pri:0, instance:cucumber.TestNGTestRunner@147ed70f]" started-at="2026-02-26T00:12:50 IST" name="runScenario" description="Runs Cucumber Scenarios" data-provider="scenarios" finished-at="2026-02-26T00:13:54 IST" duration-ms="63097" status="PASS">
          <params>
            <param index="0">
              <value>
                <![CDATA["To check the feature functionality"]]>
              </value>
            </param>
            <param index="1">
              <value>
                <![CDATA["Submit Order test in "AutomateQA" E Commerce page"]]>
              </value>
            </param>
          </params>
          <reporter-output>
          </reporter-output>
        </test-method> <!-- runScenario -->
        <test-method is-config="true" signature="tearDownClass()[pri:0, instance:cucumber.TestNGTestRunner@147ed70f]" started-at="2026-02-26T00:13:54 IST" name="tearDownClass" finished-at="2026-02-26T00:13:54 IST" duration-ms="230" status="PASS">
          <reporter-output>
          </reporter-output>
        </test-method> <!-- tearDownClass -->
      </class> <!-- cucumber.TestNGTestRunner -->
    </test> <!-- Surefire test -->
  </suite> <!-- Surefire suite -->
</testng-results>
