<?xml version="1.0" encoding="UTF-8"?>
<testng-results ignored="0" total="2" passed="2" failed="0" skipped="0">
  <reporter-output>
  </reporter-output>
  <suite started-at="2026-02-25T23:59:41 IST" name="Default suite" finished-at="2026-02-26T00:00:28 IST" duration-ms="46955">
    <groups>
      <group name="cucumber">
        <method signature="AbstractTestNGCucumberTests.runScenario(io.cucumber.testng.PickleWrapper,io.cucumber.testng.FeatureWrapper)[pri:0, instance:cucumber.TestNGTestRunner@3c3d9b6b]" name="runScenario" class="io.cucumber.testng.AbstractTestNGCucumberTests"/>
      </group> <!-- cucumber -->
    </groups>
    <test started-at="2026-02-25T23:59:41 IST" name="Default test" finished-at="2026-02-26T00:00:28 IST" duration-ms="46955">
      <class name="cucumber.TestNGTestRunner">
        <test-method is-config="true" signature="setUpClass(org.testng.ITestContext)[pri:0, instance:cucumber.TestNGTestRunner@3c3d9b6b]" started-at="2026-02-25T23:59:41 IST" name="setUpClass" finished-at="2026-02-25T23:59:44 IST" duration-ms="2343" status="PASS">
          <params>
            <param index="0">
              <value>
                <![CDATA[org.testng.TestRunner@1d3c112a]]>
              </value>
            </param>
          </params>
          <reporter-output>
          </reporter-output>
        </test-method> <!-- setUpClass -->
        <test-method signature="runScenario(io.cucumber.testng.PickleWrapper,io.cucumber.testng.FeatureWrapper)[pri:0, instance:cucumber.TestNGTestRunner@3c3d9b6b]" started-at="2026-02-25T23:59:44 IST" name="runScenario" description="Runs Cucumber Scenarios" data-provider="scenarios" finished-at="2026-02-26T00:00:14 IST" duration-ms="30695" status="PASS">
          <params>
            <param index="0">
              <value>
                <![CDATA["Placing order of products from the site"]]>
              </value>
            </param>
            <param index="1">
              <value>
                <![CDATA["Submit Order test in "AutomateQA" E Commerce page"]]>
              </value>
            </param>
          </params>
          <reporter-output>
          </reporter-output>
        </test-method> <!-- runScenario -->
        <test-method signature="runScenario(io.cucumber.testng.PickleWrapper,io.cucumber.testng.FeatureWrapper)[pri:0, instance:cucumber.TestNGTestRunner@3c3d9b6b]" started-at="2026-02-26T00:00:14 IST" name="runScenario" description="Runs Cucumber Scenarios" data-provider="scenarios" finished-at="2026-02-26T00:00:28 IST" duration-ms="13683" status="PASS">
          <params>
            <param index="0">
              <value>
                <![CDATA["To check the feature functionality"]]>
              </value>
            </param>
            <param index="1">
              <value>
                <![CDATA["Submit Order test in "AutomateQA" E Commerce page"]]>
              </value>
            </param>
          </params>
          <reporter-output>
          </reporter-output>
        </test-method> <!-- runScenario -->
        <test-method is-config="true" signature="tearDownClass()[pri:0, instance:cucumber.TestNGTestRunner@3c3d9b6b]" started-at="2026-02-26T00:00:28 IST" name="tearDownClass" finished-at="2026-02-26T00:00:28 IST" duration-ms="56" status="PASS">
          <reporter-output>
          </reporter-output>
        </test-method> <!-- tearDownClass -->
      </class> <!-- cucumber.TestNGTestRunner -->
    </test> <!-- Default test -->
  </suite> <!-- Default suite -->
</testng-results>
