<?xml version="1.0" encoding="UTF-8"?>
<!-- Generated by org.testng.reporters.JUnitReportReporter -->
<testsuite hostname="DESKTOP-9E1GL0F" failures="0" tests="2" name="arijitsinha.tests.ErrorValidations" time="48.173" errors="0" timestamp="2026-02-14T12:27:13 IST" skipped="0">
  <testcase classname="arijitsinha.tests.ErrorValidations" name="ProductErrorValidations" time="37.978"/>
  <testcase classname="arijitsinha.tests.ErrorValidations" name="loginErrorValidation" time="10.195"/>
</testsuite> <!-- arijitsinha.tests.ErrorValidations -->
