<?xml version="1.0" encoding="UTF-8"?>
<!-- Generated by org.testng.reporters.JUnitReportReporter -->
<testsuite hostname="DESKTOP-9E1GL0F" failures="0" tests="2" name="arijitsinha.tests.ErrorValidationsTests" time="189.534" errors="0" timestamp="2026-02-23T21:43:05 IST" skipped="0">
  <testcase classname="arijitsinha.tests.ErrorValidationsTests" name="ProductErrorValidations" time="147.116"/>
  <testcase classname="arijitsinha.tests.ErrorValidationsTests" name="loginErrorValidation" time="42.418"/>
</testsuite> <!-- arijitsinha.tests.ErrorValidationsTests -->
