<?xml version="1.0" encoding="UTF-8"?>
<!-- Generated by org.testng.reporters.JUnitReportReporter -->
<testsuite hostname="DESKTOP-9E1GL0F" failures="0" tests="4" name="arijitsinha.tests.SubmitOrderTest" time="160.450" errors="0" timestamp="2026-02-23T23:30:05 IST" skipped="0">
  <testcase classname="arijitsinha.tests.SubmitOrderTest" name="SubmitOrder" time="33.722"/>
  <testcase classname="arijitsinha.tests.SubmitOrderTest" name="Filters" time="14.102"/>
  <testcase classname="arijitsinha.tests.SubmitOrderTest" name="SubmitOrder" time="88.476"/>
  <testcase classname="arijitsinha.tests.SubmitOrderTest" name="Filters" time="24.150"/>
</testsuite> <!-- arijitsinha.tests.SubmitOrderTest -->
