<?xml version="1.0" encoding="UTF-8"?>
<!-- Generated by org.testng.reporters.JUnitReportReporter -->
<testsuite hostname="DESKTOP-9E1GL0F" failures="0" tests="2" name="arijitsinha.tests.ErrorValidationsTests" time="104.488" errors="0" timestamp="2026-02-23T23:30:05 IST" skipped="0">
  <testcase classname="arijitsinha.tests.ErrorValidationsTests" name="ProductErrorValidations" time="44.247"/>
  <testcase classname="arijitsinha.tests.ErrorValidationsTests" name="loginErrorValidation" time="60.241"/>
</testsuite> <!-- arijitsinha.tests.ErrorValidationsTests -->
